Warning message:
package ‘stringr’ was built under R version 4.0.3 
************* Running in BioLockJ *************
Note: Using an external vector in selections is ambiguous.
ℹ Use `all_of(startTaxaIndex)` instead of `startTaxaIndex` to silence this message.
ℹ See <https://tidyselect.r-lib.org/reference/faq-external-vector.html>.
This message is displayed once per session.
Warning messages:
1: In (function (..., deparse.level = 1)  :
  number of columns of result is not a multiple of vector length (arg 271)
2: In (function (..., deparse.level = 1)  :
  number of columns of result is not a multiple of vector length (arg 406)
3: In (function (..., deparse.level = 1)  :
  number of columns of result is not a multiple of vector length (arg 82)
4: In (function (..., deparse.level = 1)  :
  number of columns of result is not a multiple of vector length (arg 273)
5: In (function (..., deparse.level = 1)  :
  number of columns of result is not a multiple of vector length (arg 1240)
6: In (function (..., deparse.level = 1)  :
  number of columns of result is not a multiple of vector length (arg 281)
7: In (function (..., deparse.level = 1)  :
  number of columns of result is not a multiple of vector length (arg 139)
8: In (function (..., deparse.level = 1)  :
  number of columns of result is not a multiple of vector length (arg 1001)
Created Success flag.
